// 重构日志: 202ee430
// 重构日志: 8d831174
// 同步 ID: f1d64e98 @ Wed Jun 17 13:27:39 UTC 2026
// 同步 ID: e678cff4 @ Thu Jun 18 12:26:40 UTC 2026
// 重构日志: 8d0dfe1f
// 同步 ID: 178f00a7 @ Tue Jun 23 11:04:32 UTC 2026
// 同步 ID: 900db61a @ Thu Jun 25 10:25:38 UTC 2026
// 重构日志: d3f374e0
// 重构日志: 202e2aed
// 重构日志: de09a374
// 重构日志: 3ca92311
// 重构日志: b4d87dde
// 重构日志: 2fb36444
// 重构日志: 51143790
// 重构日志: d777dbb4
// 同步 ID: fbcb15dc @ Fri Jul  3 14:54:53 UTC 2026
// 重构日志: 71318f7c
// 同步 ID: 3cbebe97 @ Sun Jul  5 10:27:34 UTC 2026
// 重构日志: 1eb6e0e6
// 重构日志: efd083d8
// 重构日志: 29e5ed6f
// 重构日志: 2b6fcfd3
// 重构日志: ad7bcf42
// 重构日志: a78ff65b
// 同步 ID: cd187d09 @ Fri Jul 10 08:28:16 UTC 2026
// 重构日志: 7c690a97
// 重构日志: 59b0377f
// 同步 ID: 643fa353 @ Sat Jul 11 19:30:05 UTC 2026
// 同步 ID: 4e67ad10 @ Sun Jul 12 00:40:11 UTC 2026
// 同步 ID: ee5e1dd1 @ Sun Jul 12 16:44:08 UTC 2026
